<?xml version="1.0" encoding="UTF-8"?>
<testng-results skipped="0" failed="0" ignored="0" total="1" passed="1">
  <reporter-output>
  </reporter-output>
  <suite name="Suite" duration-ms="19182" started-at="2023-03-29T09:06:03 IST" finished-at="2023-03-29T09:06:22 IST">
    <groups>
    </groups>
    <test name="Test" duration-ms="19182" started-at="2023-03-29T09:06:03 IST" finished-at="2023-03-29T09:06:22 IST">
      <class name="com.medsol.testcases.TC_Login">
        <test-method status="PASS" signature="setPath()[pri:0, instance:com.medsol.testcases.TC_Login@5d11346a]" name="setPath" is-config="true" duration-ms="5" started-at="2023-03-29T09:06:03 IST" finished-at="2023-03-29T09:06:03 IST">
          <reporter-output>
          </reporter-output>
        </test-method> <!-- setPath -->
        <test-method status="PASS" signature="launchBrowser(java.lang.String)[pri:0, instance:com.medsol.testcases.TC_Login@5d11346a]" name="launchBrowser" is-config="true" duration-ms="13425" started-at="2023-03-29T09:06:03 IST" finished-at="2023-03-29T09:06:17 IST">
          <params>
            <param index="0">
              <value>
                <![CDATA[chrome]]>
              </value>
            </param>
          </params>
          <reporter-output>
          </reporter-output>
        </test-method> <!-- launchBrowser -->
        <test-method status="PASS" signature="Login()[pri:0, instance:com.medsol.testcases.TC_Login@5d11346a]" name="Login" duration-ms="4918" started-at="2023-03-29T09:06:17 IST" finished-at="2023-03-29T09:06:22 IST">
          <reporter-output>
          </reporter-output>
        </test-method> <!-- Login -->
        <test-method status="PASS" signature="closebrowser()[pri:0, instance:com.medsol.testcases.TC_Login@5d11346a]" name="closebrowser" is-config="true" duration-ms="795" started-at="2023-03-29T09:06:22 IST" finished-at="2023-03-29T09:06:22 IST">
          <reporter-output>
          </reporter-output>
        </test-method> <!-- closebrowser -->
        <test-method status="PASS" signature="killDriver()[pri:0, instance:com.medsol.testcases.TC_Login@5d11346a]" name="killDriver" is-config="true" duration-ms="16" started-at="2023-03-29T09:06:23 IST" finished-at="2023-03-29T09:06:23 IST">
          <reporter-output>
          </reporter-output>
        </test-method> <!-- killDriver -->
      </class> <!-- com.medsol.testcases.TC_Login -->
    </test> <!-- Test -->
  </suite> <!-- Suite -->
</testng-results>
